Processing /home/sunip/Codes/python/iri2020py
  Installing build dependencies: started
  Installing build dependencies: finished with status 'done'
  Getting requirements to build wheel: started
  Getting requirements to build wheel: finished with status 'done'
  Installing backend dependencies: started
  Installing backend dependencies: finished with status 'done'
  Preparing metadata (pyproject.toml): started
  Preparing metadata (pyproject.toml): finished with status 'done'
Requirement already satisfied: meson in /home/sunip/.miniconda3/lib/python3.13/site-packages (from iri20py==0.0.0) (1.9.0)
Requirement already satisfied: ninja in /home/sunip/.miniconda3/lib/python3.13/site-packages (from iri20py==0.0.0) (1.13.0)
Requirement already satisfied: numpy>=1.14.5 in /home/sunip/.miniconda3/lib/python3.13/site-packages (from iri20py==0.0.0) (2.3.1)
Building wheels for collected packages: iri20py
  Building wheel for iri20py (pyproject.toml): started
  Building wheel for iri20py (pyproject.toml): finished with status 'done'
  Created wheel for iri20py: filename=iri20py-0.0.0-cp313-cp313-linux_x86_64.whl size=1673507 sha256=af7f39ad903f8eba62501b935bce9e17022ef9bae824c9bd00451c6f01043123
  Stored in directory: /tmp/pip-ephem-wheel-cache-ss5gv980/wheels/d8/22/29/0ccb4d6af22667e32b557b23b20388d4e2d13be75a7dfbfcea
Successfully built iri20py
Installing collected packages: iri20py
  Attempting uninstall: iri20py
    Found existing installation: iri20py 0.0.0
    Uninstalling iri20py-0.0.0:
      Successfully uninstalled iri20py-0.0.0
Successfully installed iri20py-0.0.0
